0 info it worked if it ends with ok
1 verbose cli [ '/usr/local/bin/node', '/usr/local/bin/npm', 'start' ]
2 info using npm@3.10.3
3 info using node@v6.7.0
4 verbose run-script [ 'prestart', 'start', 'poststart' ]
5 info lifecycle easy-ying-wen@1.0.0~prestart: easy-ying-wen@1.0.0
6 verbose lifecycle easy-ying-wen@1.0.0~prestart: unsafe-perm in lifecycle true
7 verbose lifecycle easy-ying-wen@1.0.0~prestart: PATH: /usr/local/lib/node_modules/npm/bin/node-gyp-bin:/Users/ritabulman/Documents/easyYingWen/node_modules/.bin:/usr/local/bin:/Users/ritabulman/.rvm/gems/ruby-2.2.2/bin:/Users/ritabulman/.rvm/gems/ruby-2.2.2@global/bin:/Users/ritabulman/.rvm/rubies/ruby-2.2.2/bin:/anaconda/bin:/usr/local/bin:/usr/bin:/bin:/usr/sbin:/sbin:/Users/ritabulman/.rvm/gems/ruby-2.2.2/bin:/Users/ritabulman/.rvm/gems/ruby-2.2.2@global/bin:/Users/ritabulman/.rvm/rubies/ruby-2.2.2/bin:/anaconda/bin:/Applications/Postgres.app/Contents/Versions/latest/bin:/Users/ritabulman/.rvm/bin:/Applications/Postgres.app/Contents/Versions/latest/bin
8 verbose lifecycle easy-ying-wen@1.0.0~prestart: CWD: /Users/ritabulman/Documents/easyYingWen
9 silly lifecycle easy-ying-wen@1.0.0~prestart: Args: [ '-c', 'babel-node tools/startMessage.js' ]
10 silly lifecycle easy-ying-wen@1.0.0~prestart: Returned: code: 0  signal: null
11 info lifecycle easy-ying-wen@1.0.0~start: easy-ying-wen@1.0.0
12 verbose lifecycle easy-ying-wen@1.0.0~start: unsafe-perm in lifecycle true
13 verbose lifecycle easy-ying-wen@1.0.0~start: PATH: /usr/local/lib/node_modules/npm/bin/node-gyp-bin:/Users/ritabulman/Documents/easyYingWen/node_modules/.bin:/usr/local/bin:/Users/ritabulman/.rvm/gems/ruby-2.2.2/bin:/Users/ritabulman/.rvm/gems/ruby-2.2.2@global/bin:/Users/ritabulman/.rvm/rubies/ruby-2.2.2/bin:/anaconda/bin:/usr/local/bin:/usr/bin:/bin:/usr/sbin:/sbin:/Users/ritabulman/.rvm/gems/ruby-2.2.2/bin:/Users/ritabulman/.rvm/gems/ruby-2.2.2@global/bin:/Users/ritabulman/.rvm/rubies/ruby-2.2.2/bin:/anaconda/bin:/Applications/Postgres.app/Contents/Versions/latest/bin:/Users/ritabulman/.rvm/bin:/Applications/Postgres.app/Contents/Versions/latest/bin
14 verbose lifecycle easy-ying-wen@1.0.0~start: CWD: /Users/ritabulman/Documents/easyYingWen
15 silly lifecycle easy-ying-wen@1.0.0~start: Args: [ '-c', 'npm-run-all --parallel open:src' ]
16 silly lifecycle easy-ying-wen@1.0.0~start: Returned: code: 1  signal: null
17 info lifecycle easy-ying-wen@1.0.0~start: Failed to exec start script
18 verbose stack Error: easy-ying-wen@1.0.0 start: `npm-run-all --parallel open:src`
18 verbose stack Exit status 1
18 verbose stack     at EventEmitter.<anonymous> (/usr/local/lib/node_modules/npm/lib/utils/lifecycle.js:242:16)
18 verbose stack     at emitTwo (events.js:106:13)
18 verbose stack     at EventEmitter.emit (events.js:191:7)
18 verbose stack     at ChildProcess.<anonymous> (/usr/local/lib/node_modules/npm/lib/utils/spawn.js:40:14)
18 verbose stack     at emitTwo (events.js:106:13)
18 verbose stack     at ChildProcess.emit (events.js:191:7)
18 verbose stack     at maybeClose (internal/child_process.js:877:16)
18 verbose stack     at Process.ChildProcess._handle.onexit (internal/child_process.js:226:5)
19 verbose pkgid easy-ying-wen@1.0.0
20 verbose cwd /Users/ritabulman/Documents/easyYingWen
21 error Darwin 17.4.0
22 error argv "/usr/local/bin/node" "/usr/local/bin/npm" "start"
23 error node v6.7.0
24 error npm  v3.10.3
25 error code ELIFECYCLE
26 error easy-ying-wen@1.0.0 start: `npm-run-all --parallel open:src`
26 error Exit status 1
27 error Failed at the easy-ying-wen@1.0.0 start script 'npm-run-all --parallel open:src'.
27 error Make sure you have the latest version of node.js and npm installed.
27 error If you do, this is most likely a problem with the easy-ying-wen package,
27 error not with npm itself.
27 error Tell the author that this fails on your system:
27 error     npm-run-all --parallel open:src
27 error You can get information on how to open an issue for this project with:
27 error     npm bugs easy-ying-wen
27 error Or if that isn't available, you can get their info via:
27 error     npm owner ls easy-ying-wen
27 error There is likely additional logging output above.
28 verbose exit [ 1, true ]
